Zeile 91: Syntaxfehler: Der Eigenschaft End in Font fehlt ein '='.
Zeile 102: Syntaxfehler: Der Eigenschaft End in Font fehlt ein '='.
Zeile 112: Syntaxfehler: Der Eigenschaft End in Font fehlt ein '='.
Zeile 133: Syntaxfehler: Der Eigenschaft End in Font fehlt ein '='.
Zeile 142: Syntaxfehler: Der Eigenschaft End in Font fehlt ein '='.
Zeile 143: Syntaxfehler: Der Eigenschaft Begin in Font fehlt ein '='.
Zeile 148: Syntaxfehler: Der Eigenschaft End in Font fehlt ein '='.
Zeile 157: Syntaxfehler: Der Eigenschaft End in Font fehlt ein '='.
Zeile 177: Syntaxfehler: Der Eigenschaft End in Font fehlt ein '='.
Zeile 189: Syntaxfehler: Der Eigenschaft End in Font fehlt ein '='.
Zeile 198: Syntaxfehler: Der Eigenschaft End in Font fehlt ein '='.
Zeile 207: Syntaxfehler: Der Eigenschaft End in Font fehlt ein '='.
Zeile 216: Syntaxfehler: Der Eigenschaft End in Font fehlt ein '='.
Zeile 225: Syntaxfehler: Der Eigenschaft End in Font fehlt ein '='.
Zeile 234: Syntaxfehler: Der Eigenschaft End in Font fehlt ein '='.
Zeile 243: Syntaxfehler: Der Eigenschaft End in Font fehlt ein '='.
Zeile 253: Syntaxfehler: Der Eigenschaft End in Font fehlt ein '='.
Zeile 273: Syntaxfehler: Der Eigenschaft End in Font fehlt ein '='.
Zeile 292: Syntaxfehler: Der Eigenschaft End in Font fehlt ein '='.
Zeile 299: Syntaxfehler: Der Eigenschaft End in Font fehlt ein '='.
Zeile 317: Syntaxfehler: Der Eigenschaft End in Font fehlt ein '='.
Zeile 337: Syntaxfehler: Der Eigenschaft End in Font fehlt ein '='.
Zeile 354: Syntaxfehler: Der Eigenschaft End in Font fehlt ein '='.
Zeile 371: Syntaxfehler: Der Eigenschaft End in Font fehlt ein '='.
Zeile 390: Syntaxfehler: Der Eigenschaft End in Font fehlt ein '='.
Zeile 409: Syntaxfehler: Der Eigenschaft End in Font fehlt ein '='.
Zeile 429: Syntaxfehler: Der Eigenschaft End in Font fehlt ein '='.
Zeile 449: Syntaxfehler: Der Eigenschaft End in Font fehlt ein '='.
Zeile 469: Syntaxfehler: Der Eigenschaft End in Font fehlt ein '='.
Zeile 489: Syntaxfehler: Der Eigenschaft End in Font fehlt ein '='.
Zeile 509: Syntaxfehler: Der Eigenschaft End in Font fehlt ein '='.
Zeile 510: Syntaxfehler: Der Eigenschaft Attribute in Font fehlt ein '='.
Zeile 511: Syntaxfehler: Der Eigenschaft Attribute in Font fehlt ein '='.
Zeile 512: Syntaxfehler: Der Eigenschaft Attribute in Font fehlt ein '='.
Zeile 513: Syntaxfehler: Der Eigenschaft Attribute in Font fehlt ein '='.
Zeile 514: Syntaxfehler: Der Eigenschaft Attribute in Font fehlt ein '='.
Zeile 515: Syntaxfehler: Der Eigenschaft Option in Font fehlt ein '='.
Zeile 517: Syntaxfehler: Der Eigenschaft Private in Font fehlt ein '='.
Zeile 518: Syntaxfehler: Der Eigenschaft Attribute in Font fehlt ein '='.
Zeile 520: Syntaxfehler: Der Eigenschaft Private in Font fehlt ein '='.
Zeile 521: Syntaxfehler: Der Eigenschaft lStructSize in Font fehlt ein '='.
Zeile 522: Syntaxfehler: Der Eigenschaft hwndOwner in Font fehlt ein '='.
Zeile 523: Syntaxfehler: Der Eigenschaft hInstance in Font fehlt ein '='.
Zeile 524: Syntaxfehler: Der Eigenschaft lpstrFilter in Font fehlt ein '='.
Zeile 525: Syntaxfehler: Der Eigenschaft lpstrCustomFilter in Font fehlt ein '='.
Zeile 526: Syntaxfehler: Der Eigenschaft nMaxCustomFilter in Font fehlt ein '='.
Zeile 527: Syntaxfehler: Der Eigenschaft nFilterIndex in Font fehlt ein '='.
Zeile 528: Syntaxfehler: Der Eigenschaft lpstrFile in Font fehlt ein '='.
Zeile 529: Syntaxfehler: Der Eigenschaft nMaxFile in Font fehlt ein '='.
Zeile 530: Syntaxfehler: Der Eigenschaft lpstrFileTitle in Font fehlt ein '='.
Zeile 531: Syntaxfehler: Der Eigenschaft nMaxFileTitle in Font fehlt ein '='.
Zeile 532: Syntaxfehler: Der Eigenschaft lpstrInitialDir in Font fehlt ein '='.
Zeile 533: Syntaxfehler: Der Eigenschaft lpstrTitle in Font fehlt ein '='.
Zeile 534: Syntaxfehler: Der Eigenschaft flags in Font fehlt ein '='.
Zeile 535: Syntaxfehler: Der Eigenschaft nFileOffset in Font fehlt ein '='.
Zeile 536: Syntaxfehler: Der Eigenschaft nFileExtension in Font fehlt ein '='.
Zeile 537: Syntaxfehler: Der Eigenschaft lpstrDefExt in Font fehlt ein '='.
Zeile 538: Syntaxfehler: Der Eigenschaft lCustData in Font fehlt ein '='.
Zeile 539: Syntaxfehler: Der Eigenschaft lpfnHook in Font fehlt ein '='.
Zeile 540: Syntaxfehler: Der Eigenschaft lpTemplateName in Font fehlt ein '='.
Zeile 541: Syntaxfehler: Der Eigenschaft End in Font fehlt ein '='.
Zeile 542: Syntaxfehler: Der Eigenschaft Private in Font fehlt ein '='.
Zeile 543: Syntaxfehler: Der Eigenschaft Private in Font fehlt ein '='.
Zeile 544: Syntaxfehler: Der Eigenschaft Private in Font fehlt ein '='.
Zeile 545: Syntaxfehler: Der Eigenschaft Private in Font fehlt ein '='.
Zeile 547: Syntaxfehler: Der Eigenschaft Private in Font fehlt ein '='.
Zeile 549: Syntaxfehler: Der Eigenschaft Private in Font fehlt ein '='.
Zeile 550: Syntaxfehler: Der Eigenschaft ByVal in Font fehlt ein '='.
Zeile 552: Syntaxfehler: Der Eigenschaft Private in Font fehlt ein '='.
Zeile 553: Syntaxfehler: Der Eigenschaft Private in Font fehlt ein '='.
Zeile 554: Syntaxfehler: Der Eigenschaft Private in Font fehlt ein '='.
Zeile 555: Syntaxfehler: Der Eigenschaft Private in Font fehlt ein '='.
Zeile 556: Syntaxfehler: Der Eigenschaft Private in Font fehlt ein '='.
Zeile 557: Syntaxfehler: Der Eigenschaft Private in Font fehlt ein '='.
Zeile 558: Syntaxfehler: Der Eigenschaft Private in Font fehlt ein '='.
Zeile 559: Syntaxfehler: Der Eigenschaft Private in Font fehlt ein '='.
Zeile 560: Syntaxfehler: Der Eigenschaft Private in Font fehlt ein '='.
Zeile 561: Syntaxfehler: Der Eigenschaft Private in Font fehlt ein '='.
Zeile 562: Syntaxfehler: Der Eigenschaft Private in Font fehlt ein '='.
Zeile 563: Syntaxfehler: Der Eigenschaft Private in Font fehlt ein '='.
Zeile 564: Syntaxfehler: Der Eigenschaft Private in Font fehlt ein '='.
Zeile 565: Syntaxfehler: Der Eigenschaft Private in Font fehlt ein '='.
Zeile 566: Syntaxfehler: Der Eigenschaft Private in Font fehlt ein '='.
Zeile 567: Syntaxfehler: Der Eigenschaft Private in Font fehlt ein '='.
Zeile 568: Syntaxfehler: Der Eigenschaft Private in Font fehlt ein '='.
Zeile 569: Syntaxfehler: Der Eigenschaft Private in Font fehlt ein '='.
Zeile 570: Syntaxfehler: Der Eigenschaft Private in Font fehlt ein '='.
Zeile 572: Syntaxfehler: Der Eigenschaft Private in Font fehlt ein '='.
Zeile 574: Syntaxfehler: Der Eigenschaft Dim in Font fehlt ein '='.
Zeile 576: Syntaxfehler: Der Eigenschaft For in Font fehlt ein '='.
Zeile 577: Syntaxfehler: Der Eigenschaft Combo1.AddItem in Font fehlt ein '='.
Zeile 578: Syntaxfehler: Der Eigenschaft Next in Font fehlt ein '='.
Zeile 579: Syntaxfehler: Der Eigenschaft Set in Font fehlt ein '='.
Zeile 583: Syntaxfehler: Der Eigenschaft If in Font fehlt ein '='.
Zeile 584: Eigenschaft Check6.Enabled in Font hat einen ungültigen Wert
Zeile 585: Eigenschaft Check7.Enabled in Font hat einen ungültigen Wert
Zeile 586: Eigenschaft Check8.Enabled in Font hat einen ungültigen Wert
Zeile 588: Syntaxfehler: Der Eigenschaft Else in Font fehlt ein '='.
Zeile 589: Eigenschaft txtOutputs.Text in Font hat einen ungültigen Wert
Zeile 589: Syntaxfehler: Der Eigenschaft & in Font fehlt ein '='.
Zeile 590: Syntaxfehler: Der Eigenschaft End in Font fehlt ein '='.
Zeile 591: Eigenschaft Combo1.Enabled in Font hat einen ungültigen Wert
Zeile 592: Eigenschaft Check1.Enabled in Font hat einen ungültigen Wert
Zeile 593: Eigenschaft Label1.Enabled in Font hat einen ungültigen Wert
Zeile 594: Eigenschaft Option2.Value in Font hat einen ungültigen Wert
Zeile 595: Eigenschaft Check4.Enabled in Font hat einen ungültigen Wert
Zeile 596: Eigenschaft Label10.Enabled in Font hat einen ungültigen Wert
Zeile 597: Eigenschaft Command1.Enabled in Font hat einen ungültigen Wert
Zeile 598: Syntaxfehler: Der Eigenschaft If in Font fehlt ein '='.
Zeile 599: Eigenschaft java in Font hat einen ungültigen Wert
Zeile 599: Syntaxfehler: Der Eigenschaft & in Font fehlt ein '='.
Zeile 601: Syntaxfehler: Der Eigenschaft Else in Font fehlt ein '='.
Zeile 602: Syntaxfehler: Der Eigenschaft End in Font fehlt ein '='.
Zeile 604: Syntaxfehler: Der Eigenschaft End in Font fehlt ein '='.
Zeile 606: Syntaxfehler: Der Eigenschaft Private in Font fehlt ein '='.
Zeile 608: Syntaxfehler: Der Eigenschaft Dim in Font fehlt ein '='.
Zeile 609: Syntaxfehler: Der Eigenschaft Dim in Font fehlt ein '='.
Zeile 610: Syntaxfehler: Der Eigenschaft Dim in Font fehlt ein '='.
Zeile 611: Syntaxfehler: Der Eigenschaft Dim in Font fehlt ein '='.
Zeile 612: Syntaxfehler: Der Eigenschaft Dim in Font fehlt ein '='.
Zeile 614: Syntaxfehler: Der Eigenschaft If in Font fehlt ein '='.
Zeile 615: Eigenschaft MyPath in Font hat einen ungültigen Wert
Zeile 615: Syntaxfehler: Der Eigenschaft & in Font fehlt ein '='.
Zeile 616: Syntaxfehler: Der Eigenschaft Do in Font fehlt ein '='.
Zeile 617: Syntaxfehler: Der Eigenschaft If in Font fehlt ein '='.
Zeile 618: Eigenschaft idr2 in Font hat einen ungültigen Wert
Zeile 618: Syntaxfehler: Der Eigenschaft Len(MyPath) in Font fehlt ein '='.
Zeile 619: Syntaxfehler: Der Eigenschaft End in Font fehlt ein '='.
Zeile 620: Eigenschaft MyPath in Font hat einen ungültigen Wert
Zeile 622: Syntaxfehler: Der Eigenschaft Loop in Font fehlt ein '='.
Zeile 623: Syntaxfehler: Der Eigenschaft If in Font fehlt ein '='.
Zeile 624: Eigenschaft fin(1) in Font hat einen ungültigen Wert
Zeile 625: Syntaxfehler: Der Eigenschaft If in Font fehlt ein '='.
Zeile 626: Eigenschaft fin(2) in Font hat einen ungültigen Wert
Zeile 627: Syntaxfehler: Der Eigenschaft If in Font fehlt ein '='.
Zeile 628: Eigenschaft fin(3) in Font hat einen ungültigen Wert
Zeile 629: Syntaxfehler: Der Eigenschaft If in Font fehlt ein '='.
Zeile 630: Eigenschaft fin(4) in Font hat einen ungültigen Wert
Zeile 632: Eigenschaft sa in Font hat einen ungültigen Wert
Zeile 632: Syntaxfehler: Der Eigenschaft & in Font fehlt ein '='.
Zeile 633: Syntaxfehler: Der Eigenschaft If in Font fehlt ein '='.
Zeile 634: Syntaxfehler: Der Eigenschaft If in Font fehlt ein '='.
Zeile 636: Eigenschaft objDOS.CommandLine in Font hat einen ungültigen Wert
Zeile 636: Syntaxfehler: Der Eigenschaft a in Font fehlt ein '='.
Zeile 638: Syntaxfehler: Der Eigenschaft objDOS.ExecuteCommand in Font fehlt ein '='.
Zeile 639: Syntaxfehler: Der Eigenschaft If in Font fehlt ein '='.
Zeile 640: Syntaxfehler: Der Eigenschaft If in Font fehlt ein '='.
Zeile 641: Syntaxfehler: Der Eigenschaft If in Font fehlt ein '='.
Zeile 642: Eigenschaft txtOutputs.Text in Font hat einen ungültigen Wert
Zeile 642: Syntaxfehler: Der Eigenschaft & in Font fehlt ein '='.
Zeile 643: Eigenschaft Label11.Caption in Font enthält einen ungültigen Dateiverweis
Zeile 644: Syntaxfehler: Der Eigenschaft Beep in Font fehlt ein '='.
Zeile 645: Syntaxfehler: Der Eigenschaft ShellExecute in Font fehlt ein '='.
Zeile 646: Syntaxfehler: Der Eigenschaft Exit in Font fehlt ein '='.
Zeile 649: Syntaxfehler: Der Eigenschaft ende: in Font fehlt ein '='.
Zeile 650: Syntaxfehler: Der Eigenschaft If in Font fehlt ein '='.
Zeile 651: Syntaxfehler: Der Eigenschaft If in Font fehlt ein '='.
Zeile 652: Syntaxfehler: Der Eigenschaft If in Font fehlt ein '='.
Zeile 654: Syntaxfehler: Der Eigenschaft End in Font fehlt ein '='.
Zeile 656: Syntaxfehler: Der Eigenschaft Private in Font fehlt ein '='.
Zeile 658: Syntaxfehler: Der Eigenschaft If in Font fehlt ein '='.
Zeile 659: Eigenschaft Combo1.Enabled in Font hat einen ungültigen Wert
Zeile 660: Syntaxfehler: Der Eigenschaft If in Font fehlt ein '='.
Zeile 662: Syntaxfehler: Der Eigenschaft Else in Font fehlt ein '='.
Zeile 663: Syntaxfehler: Der Eigenschaft End in Font fehlt ein '='.
Zeile 664: Syntaxfehler: Der Eigenschaft If in Font fehlt ein '='.
Zeile 667: Syntaxfehler: Der Eigenschaft Else in Font fehlt ein '='.
Zeile 668: Syntaxfehler: Der Eigenschaft End in Font fehlt ein '='.
Zeile 670: Syntaxfehler: Der Eigenschaft End in Font fehlt ein '='.
Zeile 672: Syntaxfehler: Der Eigenschaft Private in Font fehlt ein '='.
Zeile 674: Syntaxfehler: Der Eigenschaft If in Font fehlt ein '='.
Zeile 675: Syntaxfehler: Der Eigenschaft If in Font fehlt ein '='.
Zeile 677: Syntaxfehler: Der Eigenschaft End in Font fehlt ein '='.
Zeile 679: Syntaxfehler: Der Eigenschaft Private in Font fehlt ein '='.
Zeile 681: Syntaxfehler: Der Eigenschaft If in Font fehlt ein '='.
Zeile 682: Syntaxfehler: Der Eigenschaft If in Font fehlt ein '='.
Zeile 684: Syntaxfehler: Der Eigenschaft End in Font fehlt ein '='.
Zeile 686: Syntaxfehler: Der Eigenschaft Private in Font fehlt ein '='.
Zeile 688: Syntaxfehler: Der Eigenschaft Dim in Font fehlt ein '='.
Zeile 689: Syntaxfehler: Der Eigenschaft Dim in Font fehlt ein '='.
Zeile 690: Syntaxfehler: Der Eigenschaft Dim in Font fehlt ein '='.
Zeile 691: Syntaxfehler: Der Eigenschaft Dim in Font fehlt ein '='.
Zeile 692: Syntaxfehler: Der Eigenschaft Dim in Font fehlt ein '='.
Zeile 693: Syntaxfehler: Der Eigenschaft Dim in Font fehlt ein '='.
Zeile 695: Eigenschaft J in Font hat einen ungültigen Wert
Zeile 696: Syntaxfehler: Der Eigenschaft If in Font fehlt ein '='.
Zeile 697: Syntaxfehler: Der Eigenschaft MsgBox in Font fehlt ein '='.
Zeile 698: Syntaxfehler: Der Eigenschaft Exit in Font fehlt ein '='.
Zeile 699: Syntaxfehler: Der Eigenschaft End in Font fehlt ein '='.
Zeile 700: Syntaxfehler: Der Eigenschaft If in Font fehlt ein '='.
Zeile 701: Syntaxfehler: Der Eigenschaft MsgBox in Font fehlt ein '='.
Zeile 702: Syntaxfehler: Der Eigenschaft Exit in Font fehlt ein '='.
Zeile 703: Syntaxfehler: Der Eigenschaft End in Font fehlt ein '='.
Zeile 704: Syntaxfehler: Der Eigenschaft If in Font fehlt ein '='.
Zeile 705: Syntaxfehler: Der Eigenschaft MsgBox in Font fehlt ein '='.
Zeile 706: Syntaxfehler: Der Eigenschaft Exit in Font fehlt ein '='.
Zeile 707: Syntaxfehler: Der Eigenschaft End in Font fehlt ein '='.
Zeile 708: Syntaxfehler: Der Eigenschaft If in Font fehlt ein '='.
Zeile 709: Syntaxfehler: Der Eigenschaft MsgBox in Font fehlt ein '='.
Zeile 710: Syntaxfehler: Der Eigenschaft Exit in Font fehlt ein '='.
Zeile 711: Syntaxfehler: Der Eigenschaft End in Font fehlt ein '='.
Zeile 712: Syntaxfehler: Der Eigenschaft If in Font fehlt ein '='.
Zeile 713: Syntaxfehler: Der Eigenschaft If in Font fehlt ein '='.
Zeile 714: Syntaxfehler: Der Eigenschaft If in Font fehlt ein '='.
Zeile 716: Syntaxfehler: Der Eigenschaft If in Font fehlt ein '='.
Zeile 717: Syntaxfehler: Der Eigenschaft FileCopy in Font fehlt ein '='.
Zeile 718: Syntaxfehler: Der Eigenschaft GoTo in Font fehlt ein '='.
Zeile 719: Syntaxfehler: Der Eigenschaft End in Font fehlt ein '='.
Zeile 720: Syntaxfehler: Der Eigenschaft If in Font fehlt ein '='.
Zeile 721: Syntaxfehler: Der Eigenschaft FileCopy in Font fehlt ein '='.
Zeile 722: Syntaxfehler: Der Eigenschaft GoTo in Font fehlt ein '='.
Zeile 723: Syntaxfehler: Der Eigenschaft End in Font fehlt ein '='.
Zeile 724: Syntaxfehler: Der Eigenschaft If in Font fehlt ein '='.
Zeile 725: Syntaxfehler: Der Eigenschaft If in Font fehlt ein '='.
Zeile 726: Syntaxfehler: Der Eigenschaft FileCopy in Font fehlt ein '='.
Zeile 727: Syntaxfehler: Der Eigenschaft GoTo in Font fehlt ein '='.
Zeile 728: Syntaxfehler: Der Eigenschaft End in Font fehlt ein '='.
Zeile 729: Syntaxfehler: Der Eigenschaft End in Font fehlt ein '='.
Zeile 730: Syntaxfehler: Der Eigenschaft If in Font fehlt ein '='.
Zeile 731: Syntaxfehler: Der Eigenschaft If in Font fehlt ein '='.
Zeile 732: Eigenschaft objDOS.CommandLine in Font hat einen ungültigen Wert
Zeile 732: Syntaxfehler: Der Eigenschaft -loglevel in Font fehlt ein '='.
Zeile 734: Syntaxfehler: Der Eigenschaft objDOS.ExecuteCommand in Font fehlt ein '='.
Zeile 735: Eigenschaft objDOS.CommandLine in Font hat einen ungültigen Wert
Zeile 735: Syntaxfehler: Der Eigenschaft -loglevel in Font fehlt ein '='.
Zeile 737: Syntaxfehler: Der Eigenschaft objDOS.ExecuteCommand in Font fehlt ein '='.
Zeile 740: Syntaxfehler: Der Eigenschaft killer: in Font fehlt ein '='.
Zeile 741: Syntaxfehler: Der Eigenschaft If in Font fehlt ein '='.
Zeile 742: Syntaxfehler: Der Eigenschaft If in Font fehlt ein '='.
Zeile 743: Syntaxfehler: Der Eigenschaft If in Font fehlt ein '='.
Zeile 744: Syntaxfehler: Der Eigenschaft If in Font fehlt ein '='.
Zeile 747: Syntaxfehler: Der Eigenschaft tell: in Font fehlt ein '='.
Zeile 748: Eigenschaft objDOS.CommandLine in Font hat einen ungültigen Wert
Zeile 748: Syntaxfehler: Der Eigenschaft a in Font fehlt ein '='.
Zeile 750: Syntaxfehler: Der Eigenschaft objDOS.ExecuteCommand in Font fehlt ein '='.
Zeile 751: Syntaxfehler: Der Eigenschaft If in Font fehlt ein '='.
Zeile 752: Eigenschaft objDOS.CommandLine in Font hat einen ungültigen Wert
Zeile 752: Syntaxfehler: Der Eigenschaft a in Font fehlt ein '='.
Zeile 754: Syntaxfehler: Der Eigenschaft objDOS.ExecuteCommand in Font fehlt ein '='.
Zeile 755: Syntaxfehler: Der Eigenschaft Kill in Font fehlt ein '='.
Zeile 756: Syntaxfehler: Der Eigenschaft If in Font fehlt ein '='.
Zeile 761: Syntaxfehler: Der Eigenschaft Else in Font fehlt ein '='.
Zeile 764: Syntaxfehler: Der Eigenschaft End in Font fehlt ein '='.
Zeile 766: Syntaxfehler: Der Eigenschaft GoTo in Font fehlt ein '='.
Zeile 769: Syntaxfehler: Der Eigenschaft FileCopy in Font fehlt ein '='.
Zeile 770: Eigenschaft objDOS.CommandLine in Font hat einen ungültigen Wert
Zeile 770: Syntaxfehler: Der Eigenschaft & in Font fehlt ein '='.
Zeile 772: Syntaxfehler: Der Eigenschaft objDOS.ExecuteCommand in Font fehlt ein '='.
Zeile 773: Eigenschaft objDOS.CommandLine in Font hat einen ungültigen Wert
Zeile 773: Syntaxfehler: Der Eigenschaft -f in Font fehlt ein '='.
Zeile 775: Syntaxfehler: Der Eigenschaft objDOS.ExecuteCommand in Font fehlt ein '='.
Zeile 776: Eigenschaft objDOS.CommandLine in Font hat einen ungültigen Wert
Zeile 776: Syntaxfehler: Der Eigenschaft & in Font fehlt ein '='.
Zeile 777: Font enthält anstelle des Eigenschaftennamens eine Zeichenfolge in Anführungszeichen.
Zeile 779: Syntaxfehler: Der Eigenschaft objDOS.ExecuteCommand in Font fehlt ein '='.
Zeile 780: Eigenschaft MyPath in Font hat einen ungültigen Wert
Zeile 780: Syntaxfehler: Der Eigenschaft & in Font fehlt ein '='.
Zeile 781: Syntaxfehler: Der Eigenschaft Do in Font fehlt ein '='.
Zeile 782: Syntaxfehler: Der Eigenschaft If in Font fehlt ein '='.
Zeile 783: Eigenschaft idr in Font hat einen ungültigen Wert
Zeile 783: Syntaxfehler: Der Eigenschaft Len(MyPath) in Font fehlt ein '='.
Zeile 784: Syntaxfehler: Der Eigenschaft End in Font fehlt ein '='.
Zeile 785: Eigenschaft MyPath in Font hat einen ungültigen Wert
Zeile 787: Syntaxfehler: Der Eigenschaft Loop in Font fehlt ein '='.
Zeile 788: Syntaxfehler: Der Eigenschaft FileCopy in Font fehlt ein '='.
Zeile 789: Syntaxfehler: Der Eigenschaft GoTo in Font fehlt ein '='.
Zeile 793: Syntaxfehler: Der Eigenschaft fastbuild: in Font fehlt ein '='.
Zeile 794: Syntaxfehler: Der Eigenschaft FileCopy in Font fehlt ein '='.
Zeile 795: Syntaxfehler: Der Eigenschaft FileCopy in Font fehlt ein '='.
Zeile 796: Eigenschaft objDOS.CommandLine in Font hat einen ungültigen Wert
Zeile 796: Syntaxfehler: Der Eigenschaft a in Font fehlt ein '='.
Zeile 798: Syntaxfehler: Der Eigenschaft objDOS.ExecuteCommand in Font fehlt ein '='.
Zeile 800: Syntaxfehler: Der Eigenschaft objDOS.ExecuteCommand in Font fehlt ein '='.
Zeile 801: Eigenschaft txtOutputs.Text in Font hat einen ungültigen Wert
Zeile 801: Syntaxfehler: Der Eigenschaft & in Font fehlt ein '='.
Zeile 802: Eigenschaft objDOS.CommandLine in Font hat einen ungültigen Wert
Zeile 802: Syntaxfehler: Der Eigenschaft -f in Font fehlt ein '='.
Zeile 804: Syntaxfehler: Der Eigenschaft objDOS.ExecuteCommand in Font fehlt ein '='.
Zeile 805: Eigenschaft objDOS.CommandLine in Font hat einen ungültigen Wert
Zeile 805: Syntaxfehler: Der Eigenschaft & in Font fehlt ein '='.
Zeile 806: Font enthält anstelle des Eigenschaftennamens eine Zeichenfolge in Anführungszeichen.
Zeile 808: Syntaxfehler: Der Eigenschaft objDOS.ExecuteCommand in Font fehlt ein '='.
Zeile 809: Syntaxfehler: Der Eigenschaft Do in Font fehlt ein '='.
Zeile 810: Syntaxfehler: Der Eigenschaft If in Font fehlt ein '='.
Zeile 811: Eigenschaft idr in Font hat einen ungültigen Wert
Zeile 811: Syntaxfehler: Der Eigenschaft Len(MyPath) in Font fehlt ein '='.
Zeile 812: Syntaxfehler: Der Eigenschaft End in Font fehlt ein '='.
Zeile 813: Eigenschaft MyPath in Font hat einen ungültigen Wert
Zeile 815: Syntaxfehler: Der Eigenschaft Loop in Font fehlt ein '='.
Zeile 816: Syntaxfehler: Der Eigenschaft FileCopy in Font fehlt ein '='.
Zeile 821: Syntaxfehler: Der Eigenschaft insta: in Font fehlt ein '='.
Zeile 822: Syntaxfehler: Der Eigenschaft If in Font fehlt ein '='.
Zeile 823: Eigenschaft txtOutputs.Text in Font hat einen ungültigen Wert
Zeile 823: Syntaxfehler: Der Eigenschaft & in Font fehlt ein '='.
Zeile 824: Eigenschaft objDOS.CommandLine in Font hat einen ungültigen Wert
Zeile 824: Syntaxfehler: Der Eigenschaft install in Font fehlt ein '='.
Zeile 826: Syntaxfehler: Der Eigenschaft objDOS.ExecuteCommand in Font fehlt ein '='.
Zeile 831: Syntaxfehler: Der Eigenschaft nex: in Font fehlt ein '='.
Zeile 832: Syntaxfehler: Der Eigenschaft If in Font fehlt ein '='.
Zeile 833: Syntaxfehler: Der Eigenschaft If in Font fehlt ein '='.
Zeile 834: Syntaxfehler: Der Eigenschaft If in Font fehlt ein '='.
Zeile 835: Syntaxfehler: Der Eigenschaft If in Font fehlt ein '='.
Zeile 836: Syntaxfehler: Der Eigenschaft If in Font fehlt ein '='.
Zeile 837: Syntaxfehler: Der Eigenschaft If in Font fehlt ein '='.
Zeile 838: Syntaxfehler: Der Eigenschaft If in Font fehlt ein '='.
Zeile 839: Syntaxfehler: Der Eigenschaft If in Font fehlt ein '='.
Zeile 840: Syntaxfehler: Der Eigenschaft If in Font fehlt ein '='.
Zeile 842: Eigenschaft txtOutputs.Text in Font hat einen ungültigen Wert
Zeile 842: Syntaxfehler: Der Eigenschaft & in Font fehlt ein '='.
Zeile 843: Eigenschaft Label11.Caption in Font enthält einen ungültigen Dateiverweis
Zeile 844: Syntaxfehler: Der Eigenschaft Beep in Font fehlt ein '='.
Zeile 846: Syntaxfehler: Der Eigenschaft End in Font fehlt ein '='.
Zeile 848: Syntaxfehler: Der Eigenschaft Private in Font fehlt ein '='.
Zeile 850: Syntaxfehler: Der Eigenschaft ShellExecute in Font fehlt ein '='.
Zeile 852: Syntaxfehler: Der Eigenschaft End in Font fehlt ein '='.
Zeile 854: Syntaxfehler: Der Eigenschaft Private in Font fehlt ein '='.
Zeile 855: Eigenschaft txtOutputs.Text in Font hat einen ungültigen Wert
Zeile 855: Syntaxfehler: Der Eigenschaft & in Font fehlt ein '='.
Zeile 856: Syntaxfehler: Der Eigenschaft End in Font fehlt ein '='.
Zeile 858: Syntaxfehler: Der Eigenschaft Private in Font fehlt ein '='.
Zeile 860: Syntaxfehler: Der Eigenschaft On in Font fehlt ein '='.
Zeile 862: Syntaxfehler: Der Eigenschaft If in Font fehlt ein '='.
Zeile 863: Syntaxfehler: Der Eigenschaft Set in Font fehlt ein '='.
Zeile 864: Syntaxfehler: Der Eigenschaft For in Font fehlt ein '='.
Zeile 865: Syntaxfehler: Der Eigenschaft If in Font fehlt ein '='.
Zeile 866: Eigenschaft fn in Font hat einen ungültigen Wert
Zeile 867: Syntaxfehler: Der Eigenschaft Exit in Font fehlt ein '='.
Zeile 868: Syntaxfehler: Der Eigenschaft End in Font fehlt ein '='.
Zeile 870: Syntaxfehler: Der Eigenschaft Next in Font fehlt ein '='.
Zeile 871: Syntaxfehler: Der Eigenschaft If in Font fehlt ein '='.
Zeile 872: Eigenschaft t1 in Font hat einen ungültigen Wert
Zeile 872: Syntaxfehler: Der Eigenschaft & in Font fehlt ein '='.
Zeile 873: Syntaxfehler: Der Eigenschaft If in Font fehlt ein '='.
Zeile 874: Syntaxfehler: Der Eigenschaft End in Font fehlt ein '='.
Zeile 875: Syntaxfehler: Der Eigenschaft End in Font fehlt ein '='.
Zeile 876: Syntaxfehler: Der Eigenschaft If in Font fehlt ein '='.
Zeile 877: Eigenschaft Check6.Enabled in Font hat einen ungültigen Wert
Zeile 878: Eigenschaft Check7.Enabled in Font hat einen ungültigen Wert
Zeile 879: Eigenschaft Check8.Enabled in Font hat einen ungültigen Wert
Zeile 881: Syntaxfehler: Der Eigenschaft Else in Font fehlt ein '='.
Zeile 882: Eigenschaft Check6.Enabled in Font hat einen ungültigen Wert
Zeile 883: Eigenschaft Check7.Enabled in Font hat einen ungültigen Wert
Zeile 884: Eigenschaft Check8.Enabled in Font hat einen ungültigen Wert
Zeile 885: Syntaxfehler: Der Eigenschaft If in Font fehlt ein '='.
Zeile 887: Eigenschaft txtOutputs.Text in Font hat einen ungültigen Wert
Zeile 887: Syntaxfehler: Der Eigenschaft & in Font fehlt ein '='.
Zeile 888: Syntaxfehler: Der Eigenschaft End in Font fehlt ein '='.
Zeile 889: Syntaxfehler: Der Eigenschaft End in Font fehlt ein '='.
Zeile 890: Syntaxfehler: Der Eigenschaft End in Font fehlt ein '='.
Zeile 892: Syntaxfehler: Der Eigenschaft If in Font fehlt ein '='.
Zeile 893: Syntaxfehler: Der Eigenschaft If in Font fehlt ein '='.
Zeile 894: Eigenschaft za in Font hat einen ungültigen Wert
Zeile 894: Syntaxfehler: Der Eigenschaft + in Font fehlt ein '='.
Zeile 895: Syntaxfehler: Der Eigenschaft If in Font fehlt ein '='.
Zeile 898: Syntaxfehler: Der Eigenschaft End in Font fehlt ein '='.
Zeile 899: Syntaxfehler: Der Eigenschaft End in Font fehlt ein '='.
Zeile 901: Syntaxfehler: Der Eigenschaft End in Font fehlt ein '='.
Zeile 903: Syntaxfehler: Der Eigenschaft Private in Font fehlt ein '='.
Zeile 904: Eigenschaft txtOutputs.SelStart in Font hat einen ungültigen Wert
Zeile 905: Syntaxfehler: Der Eigenschaft End in Font fehlt ein '='.
Zeile 907: Syntaxfehler: Der Eigenschaft Private in Font fehlt ein '='.
Zeile 909: Syntaxfehler: Der Eigenschaft If in Font fehlt ein '='.
Zeile 910: Syntaxfehler: Der Eigenschaft If in Font fehlt ein '='.
Zeile 912: Syntaxfehler: Der Eigenschaft End in Font fehlt ein '='.
Zeile 914: Syntaxfehler: Der Eigenschaft Private in Font fehlt ein '='.
Zeile 916: Syntaxfehler: Der Eigenschaft If in Font fehlt ein '='.
Zeile 917: Syntaxfehler: Der Eigenschaft If in Font fehlt ein '='.
Zeile 919: Syntaxfehler: Der Eigenschaft End in Font fehlt ein '='.
Zeile 921: Syntaxfehler: Der Eigenschaft Private in Font fehlt ein '='.
Zeile 923: Syntaxfehler: Der Eigenschaft If in Font fehlt ein '='.
Zeile 925: Syntaxfehler: Der Eigenschaft End in Font fehlt ein '='.
Zeile 927: Syntaxfehler: Der Eigenschaft Private in Font fehlt ein '='.
Zeile 931: Syntaxfehler: Der Eigenschaft Dim in Font fehlt ein '='.
Zeile 932: Syntaxfehler: Der Eigenschaft Dim in Font fehlt ein '='.
Zeile 933: Syntaxfehler: Der Eigenschaft Dim in Font fehlt ein '='.
Zeile 935: Eigenschaft J in Font hat einen ungültigen Wert
Zeile 937: Eigenschaft objDOS.CommandLine in Font hat einen ungültigen Wert
Zeile 937: Syntaxfehler: Der Eigenschaft e in Font fehlt ein '='.
Zeile 939: Syntaxfehler: Der Eigenschaft objDOS.ExecuteCommand in Font fehlt ein '='.
Zeile 941: Syntaxfehler: Der Eigenschaft If in Font fehlt ein '='.
Zeile 944: Syntaxfehler: Der Eigenschaft If in Font fehlt ein '='.
Zeile 946: Eigenschaft objDOS.CommandLine in Font hat einen ungültigen Wert
Zeile 946: Syntaxfehler: Der Eigenschaft e in Font fehlt ein '='.
Zeile 948: Syntaxfehler: Der Eigenschaft objDOS.ExecuteCommand in Font fehlt ein '='.
Zeile 949: Syntaxfehler: Der Eigenschaft If in Font fehlt ein '='.
Zeile 951: Syntaxfehler: Der Eigenschaft If in Font fehlt ein '='.
Zeile 952: Syntaxfehler: Der Eigenschaft If in Font fehlt ein '='.
Zeile 953: Syntaxfehler: Der Eigenschaft If in Font fehlt ein '='.
Zeile 954: Syntaxfehler: Der Eigenschaft If in Font fehlt ein '='.
Zeile 955: Syntaxfehler: Der Eigenschaft FileCopy in Font fehlt ein '='.
Zeile 956: Syntaxfehler: Der Eigenschaft GoTo in Font fehlt ein '='.
Zeile 957: Syntaxfehler: Der Eigenschaft End in Font fehlt ein '='.
Zeile 958: Syntaxfehler: Der Eigenschaft End in Font fehlt ein '='.
Zeile 959: Syntaxfehler: Der Eigenschaft If in Font fehlt ein '='.
Zeile 960: Eigenschaft objDOS.CommandLine in Font hat einen ungültigen Wert
Zeile 960: Syntaxfehler: Der Eigenschaft -loglevel in Font fehlt ein '='.
Zeile 962: Syntaxfehler: Der Eigenschaft objDOS.ExecuteCommand in Font fehlt ein '='.
Zeile 963: Eigenschaft objDOS.CommandLine in Font hat einen ungültigen Wert
Zeile 963: Syntaxfehler: Der Eigenschaft -loglevel in Font fehlt ein '='.
Zeile 965: Syntaxfehler: Der Eigenschaft objDOS.ExecuteCommand in Font fehlt ein '='.
Zeile 968: Syntaxfehler: Der Eigenschaft tell: in Font fehlt ein '='.
Zeile 970: Eigenschaft objDOS.CommandLine in Font hat einen ungültigen Wert
Zeile 970: Syntaxfehler: Der Eigenschaft a in Font fehlt ein '='.
Zeile 972: Syntaxfehler: Der Eigenschaft objDOS.ExecuteCommand in Font fehlt ein '='.
Zeile 973: Syntaxfehler: Der Eigenschaft Kill in Font fehlt ein '='.
Zeile 974: Syntaxfehler: Der Eigenschaft If in Font fehlt ein '='.
Zeile 978: Syntaxfehler: Der Eigenschaft Else in Font fehlt ein '='.
Zeile 980: Syntaxfehler: Der Eigenschaft End in Font fehlt ein '='.
Zeile 982: Syntaxfehler: Der Eigenschaft FileCopy in Font fehlt ein '='.
Zeile 983: Eigenschaft objDOS.CommandLine in Font hat einen ungültigen Wert
Zeile 983: Syntaxfehler: Der Eigenschaft & in Font fehlt ein '='.
Zeile 985: Syntaxfehler: Der Eigenschaft objDOS.ExecuteCommand in Font fehlt ein '='.
Zeile 986: Eigenschaft objDOS.CommandLine in Font hat einen ungültigen Wert
Zeile 986: Syntaxfehler: Der Eigenschaft -f in Font fehlt ein '='.
Zeile 988: Syntaxfehler: Der Eigenschaft objDOS.ExecuteCommand in Font fehlt ein '='.
Zeile 989: Eigenschaft objDOS.CommandLine in Font hat einen ungültigen Wert
Zeile 989: Syntaxfehler: Der Eigenschaft & in Font fehlt ein '='.
Zeile 990: Font enthält anstelle des Eigenschaftennamens eine Zeichenfolge in Anführungszeichen.
Zeile 992: Syntaxfehler: Der Eigenschaft objDOS.ExecuteCommand in Font fehlt ein '='.
Zeile 993: Syntaxfehler: Der Eigenschaft On in Font fehlt ein '='.
Zeile 995: Eigenschaft sa in Font hat einen ungültigen Wert
Zeile 995: Syntaxfehler: Der Eigenschaft 1, in Font fehlt ein '='.
Zeile 996: Syntaxfehler: Der Eigenschaft If in Font fehlt ein '='.
Zeile 997: Syntaxfehler: Der Eigenschaft FileCopy in Font fehlt ein '='.
Zeile 999: Syntaxfehler: Der Eigenschaft If in Font fehlt ein '='.
Zeile 1000: Eigenschaft txtOutputs.Text in Font hat einen ungültigen Wert
Zeile 1000: Syntaxfehler: Der Eigenschaft & in Font fehlt ein '='.
Zeile 1001: Syntaxfehler: Der Eigenschaft Pause in Font fehlt ein '='.
Zeile 1002: Eigenschaft objDOS.CommandLine in Font hat einen ungültigen Wert
Zeile 1002: Syntaxfehler: Der Eigenschaft install in Font fehlt ein '='.
Zeile 1004: Syntaxfehler: Der Eigenschaft objDOS.ExecuteCommand in Font fehlt ein '='.
Zeile 1007: Syntaxfehler: Der Eigenschaft End in Font fehlt ein '='.
Zeile 1010: Syntaxfehler: Der Eigenschaft ende2: in Font fehlt ein '='.
Zeile 1014: Syntaxfehler: Der Eigenschaft switchaud: in Font fehlt ein '='.
Zeile 1015: Syntaxfehler: Der Eigenschaft If in Font fehlt ein '='.
Zeile 1016: Syntaxfehler: Der Eigenschaft If in Font fehlt ein '='.
Zeile 1017: Syntaxfehler: Der Eigenschaft End in Font fehlt ein '='.
Zeile 1018: Eigenschaft objDOS.CommandLine in Font hat einen ungültigen Wert
Zeile 1018: Syntaxfehler: Der Eigenschaft e in Font fehlt ein '='.
Zeile 1020: Syntaxfehler: Der Eigenschaft objDOS.ExecuteCommand in Font fehlt ein '='.
Zeile 1021: Syntaxfehler: Der Eigenschaft Kill in Font fehlt ein '='.
Zeile 1022: Syntaxfehler: Der Eigenschaft If in Font fehlt ein '='.
Zeile 1023: Syntaxfehler: Der Eigenschaft If in Font fehlt ein '='.
Zeile 1024: Syntaxfehler: Der Eigenschaft If in Font fehlt ein '='.
Zeile 1025: Syntaxfehler: Der Eigenschaft If in Font fehlt ein '='.
Zeile 1026: Syntaxfehler: Der Eigenschaft FileCopy in Font fehlt ein '='.
Zeile 1027: Syntaxfehler: Der Eigenschaft GoTo in Font fehlt ein '='.
Zeile 1028: Syntaxfehler: Der Eigenschaft End in Font fehlt ein '='.
Zeile 1029: Syntaxfehler: Der Eigenschaft End in Font fehlt ein '='.
Zeile 1030: Syntaxfehler: Der Eigenschaft If in Font fehlt ein '='.
Zeile 1031: Syntaxfehler: Der Eigenschaft If in Font fehlt ein '='.
Zeile 1032: Syntaxfehler: Der Eigenschaft FileCopy in Font fehlt ein '='.
Zeile 1033: Syntaxfehler: Der Eigenschaft GoTo in Font fehlt ein '='.
Zeile 1034: Syntaxfehler: Der Eigenschaft End in Font fehlt ein '='.
Zeile 1035: Syntaxfehler: Der Eigenschaft End in Font fehlt ein '='.
Zeile 1036: Syntaxfehler: Der Eigenschaft If in Font fehlt ein '='.
Zeile 1037: Eigenschaft objDOS.CommandLine in Font hat einen ungültigen Wert
Zeile 1037: Syntaxfehler: Der Eigenschaft -loglevel in Font fehlt ein '='.
Zeile 1039: Syntaxfehler: Der Eigenschaft objDOS.ExecuteCommand in Font fehlt ein '='.
Zeile 1040: Eigenschaft objDOS.CommandLine in Font hat einen ungültigen Wert
Zeile 1040: Syntaxfehler: Der Eigenschaft -loglevel in Font fehlt ein '='.
Zeile 1042: Syntaxfehler: Der Eigenschaft objDOS.ExecuteCommand in Font fehlt ein '='.
Zeile 1046: Syntaxfehler: Der Eigenschaft switch: in Font fehlt ein '='.
Zeile 1047: Syntaxfehler: Der Eigenschaft If in Font fehlt ein '='.
Zeile 1048: Eigenschaft objDOS.CommandLine in Font hat einen ungültigen Wert
Zeile 1048: Syntaxfehler: Der Eigenschaft a in Font fehlt ein '='.
Zeile 1050: Syntaxfehler: Der Eigenschaft objDOS.ExecuteCommand in Font fehlt ein '='.
Zeile 1051: Syntaxfehler: Der Eigenschaft If in Font fehlt ein '='.
Zeile 1055: Syntaxfehler: Der Eigenschaft Else in Font fehlt ein '='.
Zeile 1057: Syntaxfehler: Der Eigenschaft End in Font fehlt ein '='.
Zeile 1058: Syntaxfehler: Der Eigenschaft FileCopy in Font fehlt ein '='.
Zeile 1059: Syntaxfehler: Der Eigenschaft If in Font fehlt ein '='.
Zeile 1060: Syntaxfehler: Der Eigenschaft If in Font fehlt ein '='.
Zeile 1061: Eigenschaft objDOS.CommandLine in Font hat einen ungültigen Wert
Zeile 1061: Syntaxfehler: Der Eigenschaft & in Font fehlt ein '='.
Zeile 1063: Syntaxfehler: Der Eigenschaft objDOS.ExecuteCommand in Font fehlt ein '='.
Zeile 1064: Eigenschaft objDOS.CommandLine in Font hat einen ungültigen Wert
Zeile 1064: Syntaxfehler: Der Eigenschaft -f in Font fehlt ein '='.
Zeile 1066: Syntaxfehler: Der Eigenschaft objDOS.ExecuteCommand in Font fehlt ein '='.
Zeile 1067: Eigenschaft objDOS.CommandLine in Font hat einen ungültigen Wert
Zeile 1067: Syntaxfehler: Der Eigenschaft & in Font fehlt ein '='.
Zeile 1068: Font enthält anstelle des Eigenschaftennamens eine Zeichenfolge in Anführungszeichen.
Zeile 1070: Syntaxfehler: Der Eigenschaft objDOS.ExecuteCommand in Font fehlt ein '='.
Zeile 1071: Syntaxfehler: Der Eigenschaft On in Font fehlt ein '='.
Zeile 1073: Eigenschaft sa in Font hat einen ungültigen Wert
Zeile 1073: Syntaxfehler: Der Eigenschaft 1, in Font fehlt ein '='.
Zeile 1074: Syntaxfehler: Der Eigenschaft If in Font fehlt ein '='.
Zeile 1075: Syntaxfehler: Der Eigenschaft FileCopy in Font fehlt ein '='.
Zeile 1077: Syntaxfehler: Der Eigenschaft If in Font fehlt ein '='.
Zeile 1078: Eigenschaft txtOutputs.Text in Font hat einen ungültigen Wert
Zeile 1078: Syntaxfehler: Der Eigenschaft & in Font fehlt ein '='.
Zeile 1079: Syntaxfehler: Der Eigenschaft Pause in Font fehlt ein '='.
Zeile 1080: Eigenschaft objDOS.CommandLine in Font hat einen ungültigen Wert
Zeile 1080: Syntaxfehler: Der Eigenschaft install in Font fehlt ein '='.
Zeile 1082: Syntaxfehler: Der Eigenschaft objDOS.ExecuteCommand in Font fehlt ein '='.
Zeile 1085: Syntaxfehler: Der Eigenschaft End in Font fehlt ein '='.
Zeile 1088: Syntaxfehler: Der Eigenschaft ende: in Font fehlt ein '='.
Zeile 1090: Syntaxfehler: Der Eigenschaft Kill in Font fehlt ein '='.
Zeile 1091: Syntaxfehler: Der Eigenschaft Kill in Font fehlt ein '='.
Zeile 1092: Syntaxfehler: Der Eigenschaft Kill in Font fehlt ein '='.
Zeile 1094: Syntaxfehler: Der Eigenschaft Deaktiv in Font fehlt ein '='.
Zeile 1095: Syntaxfehler: Der Eigenschaft End in Font fehlt ein '='.
Zeile 1097: Syntaxfehler: Der Eigenschaft Private in Font fehlt ein '='.
Zeile 1099: Eigenschaft txtOutputs.Text in Font hat einen ungültigen Wert
Zeile 1099: Syntaxfehler: Der Eigenschaft & in Font fehlt ein '='.
Zeile 1101: Eigenschaft snd in Font hat einen ungültigen Wert
Zeile 1101: Syntaxfehler: Der Eigenschaft & in Font fehlt ein '='.
Zeile 1102: Eigenschaft Command1.Enabled in Font hat einen ungültigen Wert
Zeile 1103: Eigenschaft Option1.Enabled in Font hat einen ungültigen Wert
Zeile 1104: Eigenschaft Option2.Enabled in Font hat einen ungültigen Wert
Zeile 1105: Eigenschaft Check1.Enabled in Font hat einen ungültigen Wert
Zeile 1106: Eigenschaft Check2.Enabled in Font hat einen ungültigen Wert
Zeile 1107: Eigenschaft Check3.Enabled in Font hat einen ungültigen Wert
Zeile 1108: Eigenschaft Check4.Enabled in Font hat einen ungültigen Wert
Zeile 1109: Eigenschaft Check5.Enabled in Font hat einen ungültigen Wert
Zeile 1110: Eigenschaft Check6.Enabled in Font hat einen ungültigen Wert
Zeile 1111: Eigenschaft Check7.Enabled in Font hat einen ungültigen Wert
Zeile 1112: Eigenschaft Check8.Enabled in Font hat einen ungültigen Wert
Zeile 1114: Syntaxfehler: Der Eigenschaft End in Font fehlt ein '='.
Zeile 1116: Syntaxfehler: Der Eigenschaft Private in Font fehlt ein '='.
Zeile 1118: Syntaxfehler: Der Eigenschaft Call in Font fehlt ein '='.
Zeile 1120: Syntaxfehler: Der Eigenschaft End in Font fehlt ein '='.
Zeile 1122: Syntaxfehler: Der Eigenschaft Private in Font fehlt ein '='.
Zeile 1124: Syntaxfehler: Der Eigenschaft On in Font fehlt ein '='.
Zeile 1125: Syntaxfehler: Der Eigenschaft Kill in Font fehlt ein '='.
Zeile 1126: Syntaxfehler: Der Eigenschaft Kill in Font fehlt ein '='.
Zeile 1127: Syntaxfehler: Der Eigenschaft Kill in Font fehlt ein '='.
Zeile 1128: Syntaxfehler: Der Eigenschaft Kill in Font fehlt ein '='.
Zeile 1129: Syntaxfehler: Der Eigenschaft If in Font fehlt ein '='.
Zeile 1130: Eigenschaft objDOS.CommandLine in Font hat einen ungültigen Wert
Zeile 1131: Syntaxfehler: Der Eigenschaft kill-server") in Font fehlt ein '='.
Zeile 1133: Syntaxfehler: Der Eigenschaft End in Font fehlt ein '='.
Zeile 1134: Syntaxfehler: Der Eigenschaft End in Font fehlt ein '='.
Zeile 1136: Syntaxfehler: Der Eigenschaft Private in Font fehlt ein '='.
Zeile 1138: Syntaxfehler: Der Eigenschaft Dim in Font fehlt ein '='.
Zeile 1139: Syntaxfehler: Der Eigenschaft Dim in Font fehlt ein '='.
Zeile 1140: Syntaxfehler: Der Eigenschaft Dim in Font fehlt ein '='.
Zeile 1141: Syntaxfehler: Der Eigenschaft Dim in Font fehlt ein '='.
Zeile 1142: Syntaxfehler: Der Eigenschaft Dim in Font fehlt ein '='.
Zeile 1143: Syntaxfehler: Der Eigenschaft Dim in Font fehlt ein '='.
Zeile 1144: Syntaxfehler: Der Eigenschaft Dim in Font fehlt ein '='.
Zeile 1146: Syntaxfehler: Der Eigenschaft With in Font fehlt ein '='.
Zeile 1147: Syntaxfehler: Der Eigenschaft For in Font fehlt ein '='.
Zeile 1148: Eigenschaft pat in Font hat einen ungültigen Wert
Zeile 1149: Syntaxfehler: Der Eigenschaft Next in Font fehlt ein '='.
Zeile 1150: Syntaxfehler: Der Eigenschaft End in Font fehlt ein '='.
Zeile 1152: Eigenschaft u in Font hat einen ungültigen Wert
Zeile 1153: Eigenschaft k in Font hat einen ungültigen Wert
Zeile 1154: Syntaxfehler: Der Eigenschaft 3)) in Font fehlt ein '='.
Zeile 1155: Syntaxfehler: Der Eigenschaft If in Font fehlt ein '='.
Zeile 1156: Eigenschaft Command1.Enabled in Font hat einen ungültigen Wert
Zeile 1158: Syntaxfehler: Der Eigenschaft Else in Font fehlt ein '='.
Zeile 1159: Syntaxfehler: Der Eigenschaft End in Font fehlt ein '='.
Zeile 1160: Eigenschaft J in Font hat einen ungültigen Wert
Zeile 1161: Eigenschaft tme in Font hat einen ungültigen Wert
Zeile 1162: Eigenschaft objDOS.CommandLine in Font hat einen ungültigen Wert
Zeile 1162: Syntaxfehler: Der Eigenschaft & in Font fehlt ein '='.
Zeile 1163: Eigenschaft ff in Font hat einen ungültigen Wert
Zeile 1164: Eigenschaft txtOutputs.Text in Font hat einen ungültigen Wert
Zeile 1164: Syntaxfehler: Der Eigenschaft & in Font fehlt ein '='.
Zeile 1165: Eigenschaft fields() in Font hat einen ungültigen Wert
Zeile 1165: Font enthält anstelle des Eigenschaftennamens eine Zeichenfolge in Anführungszeichen.
Zeile 1166: Syntaxfehler: Der Eigenschaft For in Font fehlt ein '='.
Zeile 1167: Syntaxfehler: Der Eigenschaft If in Font fehlt ein '='.
Zeile 1168: Syntaxfehler: Der Eigenschaft Next in Font fehlt ein '='.
Zeile 1169: Eigenschaft Label8.Caption in Font hat einen ungültigen Wert
Zeile 1170: Eigenschaft patapk in Font hat einen ungültigen Wert
Zeile 1171: Syntaxfehler: Der Eigenschaft Exit in Font fehlt ein '='.
Zeile 1172: Syntaxfehler: Der Eigenschaft End in Font fehlt ein '='.
Zeile 1173: Eigenschaft aud in Font hat einen ungültigen Wert
Zeile 1174: Syntaxfehler: Der Eigenschaft If in Font fehlt ein '='.
Zeile 1175: Eigenschaft Check4.Enabled in Font hat einen ungültigen Wert
Zeile 1176: Eigenschaft Label10.Enabled in Font hat einen ungültigen Wert
Zeile 1177: Syntaxfehler: Der Eigenschaft End in Font fehlt ein '='.
Zeile 1178: Eigenschaft Check1.Enabled in Font hat einen ungültigen Wert
Zeile 1179: Eigenschaft Label1.Enabled in Font hat einen ungültigen Wert
Zeile 1180: Eigenschaft Label9.Caption in Font hat einen ungültigen Wert
Zeile 1181: Eigenschaft txtOutputs.Text in Font hat einen ungültigen Wert
Zeile 1181: Syntaxfehler: Der Eigenschaft & in Font fehlt ein '='.
Zeile 1182: Eigenschaft txtOutputs.SelStart in Font hat einen ungültigen Wert
Zeile 1183: Eigenschaft pataud in Font hat einen ungültigen Wert
Zeile 1184: Eigenschaft Check4.Enabled in Font hat einen ungültigen Wert
Zeile 1185: Eigenschaft Label10.Enabled in Font hat einen ungültigen Wert
Zeile 1186: Syntaxfehler: Der Eigenschaft If in Font fehlt ein '='.
Zeile 1187: Eigenschaft Check4.Enabled in Font hat einen ungültigen Wert
Zeile 1188: Eigenschaft Label10.Enabled in Font hat einen ungültigen Wert
Zeile 1189: Syntaxfehler: Der Eigenschaft End in Font fehlt ein '='.
Zeile 1190: Syntaxfehler: Der Eigenschaft If in Font fehlt ein '='.
Zeile 1191: Eigenschaft Check2.Enabled in Font hat einen ungültigen Wert
Zeile 1192: Eigenschaft Label4.Enabled in Font hat einen ungültigen Wert
Zeile 1193: Eigenschaft Check3.Enabled in Font hat einen ungültigen Wert
Zeile 1194: Eigenschaft Label5.Enabled in Font hat einen ungültigen Wert
Zeile 1196: Syntaxfehler: Der Eigenschaft End in Font fehlt ein '='.
Zeile 1198: Syntaxfehler: Der Eigenschaft Private in Font fehlt ein '='.
Zeile 1200: Syntaxfehler: Der Eigenschaft Dim in Font fehlt ein '='.
Zeile 1201: Syntaxfehler: Der Eigenschaft Dim in Font fehlt ein '='.
Zeile 1203: Eigenschaft f$ in Font hat einen ungültigen Wert
Zeile 1205: Syntaxfehler: Der Eigenschaft Do in Font fehlt ein '='.
Zeile 1206: Syntaxfehler: Der Eigenschaft If in Font fehlt ein '='.
Zeile 1207: Syntaxfehler: Der Eigenschaft Loop in Font fehlt ein '='.
Zeile 1209: Syntaxfehler: Der Eigenschaft Do in Font fehlt ein '='.
Zeile 1210: Syntaxfehler: Der Eigenschaft If in Font fehlt ein '='.
Zeile 1211: Syntaxfehler: Der Eigenschaft Loop in Font fehlt ein '='.
Zeile 1213: Eigenschaft ExtractFile in Font hat einen ungültigen Wert
Zeile 1215: Syntaxfehler: Der Eigenschaft End in Font fehlt ein '='.
Zeile 1217: Syntaxfehler: Der Eigenschaft Private in Font fehlt ein '='.
Zeile 1219: Syntaxfehler: Der Eigenschaft If in Font fehlt ein '='.
Zeile 1220: Syntaxfehler: Der Eigenschaft If in Font fehlt ein '='.
Zeile 1221: Syntaxfehler: Der Eigenschaft End in Font fehlt ein '='.
Zeile 1223: Syntaxfehler: Der Eigenschaft End in Font fehlt ein '='.
Zeile 1225: Syntaxfehler: Der Eigenschaft Private in Font fehlt ein '='.
Zeile 1227: Syntaxfehler: Der Eigenschaft Dim in Font fehlt ein '='.
Zeile 1228: Syntaxfehler: Der Eigenschaft Dim in Font fehlt ein '='.
Zeile 1229: Syntaxfehler: Der Eigenschaft Dim in Font fehlt ein '='.
Zeile 1231: Syntaxfehler: Der Eigenschaft With in Font fehlt ein '='.
Zeile 1232: Eigenschaft .lStructSize in Font hat einen ungültigen Wert
Zeile 1233: Eigenschaft .hwndOwner in Font hat einen ungültigen Wert
Zeile 1235: Syntaxfehler: Der Eigenschaft & in Font fehlt ein '='.
Zeile 1238: Syntaxfehler: Der Eigenschaft & in Font fehlt ein '='.
Zeile 1239: Eigenschaft .lpstrFile in Font hat einen ungültigen Wert
Zeile 1239: Syntaxfehler: Der Eigenschaft & in Font fehlt ein '='.
Zeile 1240: Eigenschaft .nMaxFile in Font hat einen ungültigen Wert
Zeile 1241: Eigenschaft .lpstrFileTitle in Font hat einen ungültigen Wert
Zeile 1241: Syntaxfehler: Der Eigenschaft & in Font fehlt ein '='.
Zeile 1242: Eigenschaft .nMaxFileTitle in Font hat einen ungültigen Wert
Zeile 1243: Eigenschaft .lpstrInitialDir in Font hat einen ungültigen Wert
Zeile 1243: Syntaxfehler: Der Eigenschaft & in Font fehlt ein '='.
Zeile 1244: Syntaxfehler: Der Eigenschaft & in Font fehlt ein '='.
Zeile 1245: Eigenschaft .flags in Font hat einen ungültigen Wert
Zeile 1245: Syntaxfehler: Der Eigenschaft Or in Font fehlt ein '='.
Zeile 1250: Syntaxfehler: Der Eigenschaft End in Font fehlt ein '='.
Zeile 1251: Eigenschaft result in Font hat einen ungültigen Wert
Zeile 1252: Syntaxfehler: Der Eigenschaft If in Font fehlt ein '='.
Zeile 1253: Eigenschaft fname in Font hat einen ungültigen Wert
Zeile 1253: Syntaxfehler: Der Eigenschaft InStr(filebox.lpstrFile, in Font fehlt ein '='.
Zeile 1254: Eigenschaft save in Font hat einen ungültigen Wert
Zeile 1256: Syntaxfehler: Der Eigenschaft Else in Font fehlt ein '='.
Zeile 1257: Syntaxfehler: Der Eigenschaft End in Font fehlt ein '='.
Zeile 1259: Syntaxfehler: Der Eigenschaft End in Font fehlt ein '='.
Zeile 1261: Syntaxfehler: Der Eigenschaft Private in Font fehlt ein '='.
Zeile 1263: Syntaxfehler: Der Eigenschaft Dim in Font fehlt ein '='.
Zeile 1264: Syntaxfehler: Der Eigenschaft Dim in Font fehlt ein '='.
Zeile 1265: Syntaxfehler: Der Eigenschaft Dim in Font fehlt ein '='.
Zeile 1267: Syntaxfehler: Der Eigenschaft With in Font fehlt ein '='.
Zeile 1268: Eigenschaft .lStructSize in Font hat einen ungültigen Wert
Zeile 1269: Eigenschaft .hwndOwner in Font hat einen ungültigen Wert
Zeile 1271: Syntaxfehler: Der Eigenschaft & in Font fehlt ein '='.
Zeile 1274: Syntaxfehler: Der Eigenschaft & in Font fehlt ein '='.
Zeile 1275: Eigenschaft .lpstrFile in Font hat einen ungültigen Wert
Zeile 1275: Syntaxfehler: Der Eigenschaft & in Font fehlt ein '='.
Zeile 1276: Eigenschaft .nMaxFile in Font hat einen ungültigen Wert
Zeile 1277: Eigenschaft .lpstrFileTitle in Font hat einen ungültigen Wert
Zeile 1277: Syntaxfehler: Der Eigenschaft & in Font fehlt ein '='.
Zeile 1278: Eigenschaft .nMaxFileTitle in Font hat einen ungültigen Wert
Zeile 1279: Eigenschaft .lpstrInitialDir in Font hat einen ungültigen Wert
Zeile 1279: Syntaxfehler: Der Eigenschaft & in Font fehlt ein '='.
Zeile 1280: Syntaxfehler: Der Eigenschaft & in Font fehlt ein '='.
Zeile 1281: Eigenschaft .flags in Font hat einen ungültigen Wert
Zeile 1281: Syntaxfehler: Der Eigenschaft Or in Font fehlt ein '='.
Zeile 1286: Syntaxfehler: Der Eigenschaft End in Font fehlt ein '='.
Zeile 1287: Eigenschaft result in Font hat einen ungültigen Wert
Zeile 1288: Syntaxfehler: Der Eigenschaft If in Font fehlt ein '='.
Zeile 1289: Eigenschaft fname in Font hat einen ungültigen Wert
Zeile 1289: Syntaxfehler: Der Eigenschaft InStr(filebox.lpstrFile, in Font fehlt ein '='.
Zeile 1290: Eigenschaft save2 in Font hat einen ungültigen Wert
Zeile 1292: Syntaxfehler: Der Eigenschaft Else in Font fehlt ein '='.
Zeile 1293: Syntaxfehler: Der Eigenschaft End in Font fehlt ein '='.
Zeile 1295: Syntaxfehler: Der Eigenschaft End in Font fehlt ein '='.
Zeile 1297: Syntaxfehler: Der Eigenschaft Private in Font fehlt ein '='.
Zeile 1299: Syntaxfehler: Der Eigenschaft Dim in Font fehlt ein '='.
Zeile 1300: Syntaxfehler: Der Eigenschaft Dim in Font fehlt ein '='.
Zeile 1301: Syntaxfehler: Der Eigenschaft Dim in Font fehlt ein '='.
Zeile 1302: Syntaxfehler: Der Eigenschaft Dim in Font fehlt ein '='.
Zeile 1303: Syntaxfehler: Der Eigenschaft Dim in Font fehlt ein '='.
Zeile 1304: Syntaxfehler: Der Eigenschaft Dim in Font fehlt ein '='.
Zeile 1308: Eigenschaft J in Font hat einen ungültigen Wert
Zeile 1309: Syntaxfehler: Der Eigenschaft If in Font fehlt ein '='.
Zeile 1310: Syntaxfehler: Der Eigenschaft MsgBox in Font fehlt ein '='.
Zeile 1311: Syntaxfehler: Der Eigenschaft Exit in Font fehlt ein '='.
Zeile 1312: Syntaxfehler: Der Eigenschaft End in Font fehlt ein '='.
Zeile 1313: Syntaxfehler: Der Eigenschaft If in Font fehlt ein '='.
Zeile 1314: Syntaxfehler: Der Eigenschaft MsgBox in Font fehlt ein '='.
Zeile 1315: Syntaxfehler: Der Eigenschaft Exit in Font fehlt ein '='.
Zeile 1316: Syntaxfehler: Der Eigenschaft End in Font fehlt ein '='.
Zeile 1317: Syntaxfehler: Der Eigenschaft If in Font fehlt ein '='.
Zeile 1318: Syntaxfehler: Der Eigenschaft MsgBox in Font fehlt ein '='.
Zeile 1319: Syntaxfehler: Der Eigenschaft Exit in Font fehlt ein '='.
Zeile 1320: Syntaxfehler: Der Eigenschaft End in Font fehlt ein '='.
Zeile 1321: Syntaxfehler: Der Eigenschaft If in Font fehlt ein '='.
Zeile 1322: Syntaxfehler: Der Eigenschaft MsgBox in Font fehlt ein '='.
Zeile 1323: Syntaxfehler: Der Eigenschaft Exit in Font fehlt ein '='.
Zeile 1324: Syntaxfehler: Der Eigenschaft End in Font fehlt ein '='.
Zeile 1325: Syntaxfehler: Der Eigenschaft If in Font fehlt ein '='.
Zeile 1326: Syntaxfehler: Der Eigenschaft If in Font fehlt ein '='.
Zeile 1327: Syntaxfehler: Der Eigenschaft If in Font fehlt ein '='.
Zeile 1333: Syntaxfehler: Der Eigenschaft If in Font fehlt ein '='.
Zeile 1334: Syntaxfehler: Der Eigenschaft FileCopy in Font fehlt ein '='.
Zeile 1335: Syntaxfehler: Der Eigenschaft GoTo in Font fehlt ein '='.
Zeile 1336: Syntaxfehler: Der Eigenschaft End in Font fehlt ein '='.
Zeile 1337: Syntaxfehler: Der Eigenschaft If in Font fehlt ein '='.
Zeile 1338: Syntaxfehler: Der Eigenschaft If in Font fehlt ein '='.
Zeile 1339: Syntaxfehler: Der Eigenschaft FileCopy in Font fehlt ein '='.
Zeile 1340: Syntaxfehler: Der Eigenschaft GoTo in Font fehlt ein '='.
Zeile 1341: Syntaxfehler: Der Eigenschaft End in Font fehlt ein '='.
Zeile 1342: Syntaxfehler: Der Eigenschaft End in Font fehlt ein '='.
Zeile 1343: Syntaxfehler: Der Eigenschaft If in Font fehlt ein '='.
Zeile 1344: Syntaxfehler: Der Eigenschaft If in Font fehlt ein '='.
Zeile 1345: Eigenschaft objDOS.CommandLine in Font hat einen ungültigen Wert
Zeile 1345: Syntaxfehler: Der Eigenschaft -loglevel in Font fehlt ein '='.
Zeile 1347: Syntaxfehler: Der Eigenschaft objDOS.ExecuteCommand in Font fehlt ein '='.
Zeile 1348: Eigenschaft objDOS.CommandLine in Font hat einen ungültigen Wert
Zeile 1348: Syntaxfehler: Der Eigenschaft -loglevel in Font fehlt ein '='.
Zeile 1350: Syntaxfehler: Der Eigenschaft objDOS.ExecuteCommand in Font fehlt ein '='.
Zeile 1353: Syntaxfehler: Der Eigenschaft killer: in Font fehlt ein '='.
Zeile 1354: Syntaxfehler: Der Eigenschaft If in Font fehlt ein '='.
Zeile 1355: Syntaxfehler: Der Eigenschaft If in Font fehlt ein '='.
Zeile 1356: Syntaxfehler: Der Eigenschaft If in Font fehlt ein '='.
Zeile 1357: Syntaxfehler: Der Eigenschaft If in Font fehlt ein '='.
Zeile 1360: Syntaxfehler: Der Eigenschaft tell: in Font fehlt ein '='.
Zeile 1361: Eigenschaft objDOS.CommandLine in Font hat einen ungültigen Wert
Zeile 1361: Syntaxfehler: Der Eigenschaft a in Font fehlt ein '='.
Zeile 1363: Syntaxfehler: Der Eigenschaft objDOS.ExecuteCommand in Font fehlt ein '='.
Zeile 1364: Syntaxfehler: Der Eigenschaft If in Font fehlt ein '='.
Zeile 1365: Eigenschaft objDOS.CommandLine in Font hat einen ungültigen Wert
Zeile 1365: Syntaxfehler: Der Eigenschaft a in Font fehlt ein '='.
Zeile 1367: Syntaxfehler: Der Eigenschaft objDOS.ExecuteCommand in Font fehlt ein '='.
Zeile 1368: Syntaxfehler: Der Eigenschaft Kill in Font fehlt ein '='.
Zeile 1369: Syntaxfehler: Der Eigenschaft If in Font fehlt ein '='.
Zeile 1374: Syntaxfehler: Der Eigenschaft Else in Font fehlt ein '='.
Zeile 1377: Syntaxfehler: Der Eigenschaft End in Font fehlt ein '='.
Zeile 1379: Syntaxfehler: Der Eigenschaft GoTo in Font fehlt ein '='.
Zeile 1382: Syntaxfehler: Der Eigenschaft FileCopy in Font fehlt ein '='.
Zeile 1383: Eigenschaft objDOS.CommandLine in Font hat einen ungültigen Wert
Zeile 1383: Syntaxfehler: Der Eigenschaft & in Font fehlt ein '='.
Zeile 1385: Syntaxfehler: Der Eigenschaft objDOS.ExecuteCommand in Font fehlt ein '='.
Zeile 1386: Eigenschaft objDOS.CommandLine in Font hat einen ungültigen Wert
Zeile 1386: Syntaxfehler: Der Eigenschaft -f in Font fehlt ein '='.
Zeile 1388: Syntaxfehler: Der Eigenschaft objDOS.ExecuteCommand in Font fehlt ein '='.
Zeile 1389: Eigenschaft objDOS.CommandLine in Font hat einen ungültigen Wert
Zeile 1389: Syntaxfehler: Der Eigenschaft & in Font fehlt ein '='.
Zeile 1390: Font enthält anstelle des Eigenschaftennamens eine Zeichenfolge in Anführungszeichen.
Zeile 1392: Syntaxfehler: Der Eigenschaft objDOS.ExecuteCommand in Font fehlt ein '='.
Zeile 1393: Eigenschaft MyPath in Font hat einen ungültigen Wert
Zeile 1393: Syntaxfehler: Der Eigenschaft & in Font fehlt ein '='.
Zeile 1394: Syntaxfehler: Der Eigenschaft Do in Font fehlt ein '='.
Zeile 1395: Syntaxfehler: Der Eigenschaft If in Font fehlt ein '='.
Zeile 1396: Eigenschaft idr in Font hat einen ungültigen Wert
Zeile 1396: Syntaxfehler: Der Eigenschaft Len(MyPath) in Font fehlt ein '='.
Zeile 1397: Syntaxfehler: Der Eigenschaft End in Font fehlt ein '='.
Zeile 1398: Eigenschaft MyPath in Font hat einen ungültigen Wert
Zeile 1400: Syntaxfehler: Der Eigenschaft Loop in Font fehlt ein '='.
Zeile 1401: Syntaxfehler: Der Eigenschaft FileCopy in Font fehlt ein '='.
Zeile 1402: Syntaxfehler: Der Eigenschaft GoTo in Font fehlt ein '='.
Zeile 1406: Syntaxfehler: Der Eigenschaft fastbuild: in Font fehlt ein '='.
Zeile 1407: Syntaxfehler: Der Eigenschaft FileCopy in Font fehlt ein '='.
Zeile 1408: Syntaxfehler: Der Eigenschaft FileCopy in Font fehlt ein '='.
Zeile 1409: Eigenschaft objDOS.CommandLine in Font hat einen ungültigen Wert
Zeile 1409: Syntaxfehler: Der Eigenschaft a in Font fehlt ein '='.
Zeile 1411: Syntaxfehler: Der Eigenschaft objDOS.ExecuteCommand in Font fehlt ein '='.
Zeile 1413: Syntaxfehler: Der Eigenschaft objDOS.ExecuteCommand in Font fehlt ein '='.
Zeile 1414: Eigenschaft txtOutputs.Text in Font hat einen ungültigen Wert
Zeile 1414: Syntaxfehler: Der Eigenschaft & in Font fehlt ein '='.
Zeile 1415: Eigenschaft objDOS.CommandLine in Font hat einen ungültigen Wert
Zeile 1415: Syntaxfehler: Der Eigenschaft -f in Font fehlt ein '='.
Zeile 1417: Syntaxfehler: Der Eigenschaft objDOS.ExecuteCommand in Font fehlt ein '='.
Zeile 1418: Eigenschaft objDOS.CommandLine in Font hat einen ungültigen Wert
Zeile 1418: Syntaxfehler: Der Eigenschaft & in Font fehlt ein '='.
Zeile 1419: Font enthält anstelle des Eigenschaftennamens eine Zeichenfolge in Anführungszeichen.
Zeile 1421: Syntaxfehler: Der Eigenschaft objDOS.ExecuteCommand in Font fehlt ein '='.
Zeile 1422: Syntaxfehler: Der Eigenschaft Do in Font fehlt ein '='.
Zeile 1423: Syntaxfehler: Der Eigenschaft If in Font fehlt ein '='.
Zeile 1424: Eigenschaft idr in Font hat einen ungültigen Wert
Zeile 1424: Syntaxfehler: Der Eigenschaft Len(MyPath) in Font fehlt ein '='.
Zeile 1425: Syntaxfehler: Der Eigenschaft End in Font fehlt ein '='.
Zeile 1426: Eigenschaft MyPath in Font hat einen ungültigen Wert
Zeile 1428: Syntaxfehler: Der Eigenschaft Loop in Font fehlt ein '='.
Zeile 1429: Syntaxfehler: Der Eigenschaft If in Font fehlt ein '='.
Zeile 1430: Syntaxfehler: Der Eigenschaft FileCopy in Font fehlt ein '='.
Zeile 1431: Eigenschaft fin2 in Font hat einen ungültigen Wert
Zeile 1431: Syntaxfehler: Der Eigenschaft & in Font fehlt ein '='.
Zeile 1433: Syntaxfehler: Der Eigenschaft insta: in Font fehlt ein '='.
Zeile 1438: Syntaxfehler: Der Eigenschaft nex: in Font fehlt ein '='.
Zeile 1439: Syntaxfehler: Der Eigenschaft If in Font fehlt ein '='.
Zeile 1440: Syntaxfehler: Der Eigenschaft If in Font fehlt ein '='.
Zeile 1441: Syntaxfehler: Der Eigenschaft If in Font fehlt ein '='.
Zeile 1442: Syntaxfehler: Der Eigenschaft If in Font fehlt ein '='.
Zeile 1443: Syntaxfehler: Der Eigenschaft If in Font fehlt ein '='.
Zeile 1444: Syntaxfehler: Der Eigenschaft If in Font fehlt ein '='.
Zeile 1445: Syntaxfehler: Der Eigenschaft If in Font fehlt ein '='.
Zeile 1446: Syntaxfehler: Der Eigenschaft If in Font fehlt ein '='.
Zeile 1447: Syntaxfehler: Der Eigenschaft If in Font fehlt ein '='.
Zeile 1449: Eigenschaft txtOutputs.Text in Font hat einen ungültigen Wert
Zeile 1449: Syntaxfehler: Der Eigenschaft & in Font fehlt ein '='.
Zeile 1452: Syntaxfehler: Der Eigenschaft End in Font fehlt ein '='.
Zeile 1454: Syntaxfehler: Der Eigenschaft Private in Font fehlt ein '='.
Zeile 1456: Syntaxfehler: Der Eigenschaft Dim in Font fehlt ein '='.
Zeile 1458: Eigenschaft currentDate in Font hat einen ungültigen Wert
Zeile 1459: Eigenschaft Timer1 in Font hat einen ungültigen Wert
Zeile 1459: Syntaxfehler: Der Eigenschaft + in Font fehlt ein '='.
Zeile 1460: Eigenschaft Timer2 in Font hat einen ungültigen Wert
Zeile 1460: Syntaxfehler: Der Eigenschaft - in Font fehlt ein '='.
Zeile 1461: Syntaxfehler: Der Eigenschaft While in Font fehlt ein '='.
Zeile 1463: Syntaxfehler: Der Eigenschaft DoEvents in Font fehlt ein '='.
Zeile 1465: Syntaxfehler: Der Eigenschaft End in Font fehlt ein '='.
